<?xml version="1.0" encoding="UTF-8"?>
<testng-results ignored="0" total="1" passed="1" failed="0" skipped="0">
  <reporter-output>
  </reporter-output>
  <suite started-at="2023-03-07T12:02:24 IST" name="Default suite" finished-at="2023-03-07T12:04:34 IST" duration-ms="130044">
    <groups>
    </groups>
    <test started-at="2023-03-07T12:02:24 IST" name="Default test" finished-at="2023-03-07T12:04:34 IST" duration-ms="130044">
      <class name="practiceSelenium.BrokenLinkTestCode">
        <test-method signature="test()[pri:0, instance:practiceSelenium.BrokenLinkTestCode@57d7f8ca]" started-at="2023-03-07T12:02:24 IST" name="test" finished-at="2023-03-07T12:04:34 IST" duration-ms="129976" status="PASS">
          <reporter-output>
          </reporter-output>
        </test-method> <!-- test -->
      </class> <!-- practiceSelenium.BrokenLinkTestCode -->
    </test> <!-- Default test -->
  </suite> <!-- Default suite -->
</testng-results>
