<?xml version="1.0" encoding="UTF-8"?>
<testng-results ignored="0" total="1" passed="1" failed="0" skipped="0">
  <reporter-output>
  </reporter-output>
  <suite started-at="2023-03-08T17:48:03 IST" name="Default suite" finished-at="2023-03-08T17:48:03 IST" duration-ms="76">
    <groups>
    </groups>
    <test started-at="2023-03-08T17:48:03 IST" name="Default test" finished-at="2023-03-08T17:48:03 IST" duration-ms="76">
      <class name="practiceSelenium.SendingDataFromCMD">
        <test-method signature="main()[pri:0, instance:practiceSelenium.SendingDataFromCMD@57d7f8ca]" started-at="2023-03-08T17:48:03 IST" name="main" finished-at="2023-03-08T17:48:03 IST" duration-ms="10" status="PASS">
          <reporter-output>
          </reporter-output>
        </test-method> <!-- main -->
      </class> <!-- practiceSelenium.SendingDataFromCMD -->
    </test> <!-- Default test -->
  </suite> <!-- Default suite -->
</testng-results>
