<?xml version="1.0" encoding="UTF-8"?>
<!-- Generated by org.testng.reporters.JUnitXMLReporter -->
<testsuite ignored="3" hostname="DESKTOP-RNQ1IHF" failures="2" tests="4" name="Test" time="35.401" errors="0" timestamp="2023-03-02T18:13:14 IST">
  <testcase classname="travel.trs.admin.TourismCreatePackageTest" name="tourismCreatePackageTest" time="0.946">
    <failure type="java.lang.AssertionError" message="null">
      <![CDATA[java.lang.AssertionError: null
at travel.trs.admin.TourismCreatePackageTest.tourismCreatePackageTest(TourismCreatePackageTest.java:36)
at java.base/java.util.concurrent.ThreadPoolExecutor.runWorker(ThreadPoolExecutor.java:1130)
at java.base/java.util.concurrent.ThreadPoolExecutor$Worker.run(ThreadPoolExecutor.java:630)
at java.base/java.lang.Thread.run(Thread.java:831)
... Removed 14 stack frames]]>
    </failure>
  </testcase> <!-- tourismCreatePackageTest -->
  <testcase classname="travel.trs.admin.ManagePackageTest" name="managePackageTest" time="14.783"/>
  <testcase classname="travel.trs.user.CancelledBookedPackage" name="cancelledBookedPackage" time="23.862">
    <failure type="java.lang.AssertionError" message="cbp---&amp;gt;1 Cancel not Verified in history page expected [true] but found [false]">
      <![CDATA[java.lang.AssertionError: cbp--->1 Cancel not Verified in history page expected [true] but found [false]
at travel.trs.user.CancelledBookedPackage.cancelledBookedPackage(CancelledBookedPackage.java:78)
at java.base/java.util.concurrent.ThreadPoolExecutor.runWorker(ThreadPoolExecutor.java:1130)
at java.base/java.util.concurrent.ThreadPoolExecutor$Worker.run(ThreadPoolExecutor.java:630)
at java.base/java.lang.Thread.run(Thread.java:831)
... Removed 15 stack frames]]>
    </failure>
  </testcase> <!-- cancelledBookedPackage -->
  <testcase classname="travel.trs.user.BookPackageTest" name="bookPackageTest" time="20.821"/>
  <testcase classname="com.treysta_genericUtilities.mainconfiguration.MainClass" name="@AfterTest afterTestTearDown" time="0.0">
    <ignored/>
  </testcase> <!-- @AfterTest afterTestTearDown -->
  <testcase classname="com.treysta_genericUtilities.mainconfiguration.MainClass" name="@AfterTest afterTestTearDown" time="0.0">
    <ignored/>
  </testcase> <!-- @AfterTest afterTestTearDown -->
  <testcase classname="com.treysta_genericUtilities.mainconfiguration.MainClass" name="@AfterTest afterTestTearDown" time="0.0">
    <ignored/>
  </testcase> <!-- @AfterTest afterTestTearDown -->
</testsuite> <!-- Test -->
